<?xml version="1.0" encoding="UTF-8"?>
<testng-results skipped="0" failed="0" ignored="0" total="1" passed="1">
  <reporter-output>
  </reporter-output>
  <suite name="Suite" duration-ms="25914" started-at="2020-05-28T00:50:03 IST" finished-at="2020-05-28T00:50:29 IST">
    <groups>
    </groups>
    <test name="Test" duration-ms="25914" started-at="2020-05-28T00:50:03 IST" finished-at="2020-05-28T00:50:29 IST">
      <class name="com.integration.CITest">
        <test-method status="PASS" signature="setUp()[pri:0, instance:com.integration.CITest@661972b0]" name="setUp" is-config="true" duration-ms="21539" started-at="2020-05-28T00:50:03 IST" finished-at="2020-05-28T00:50:24 IST">
          <reporter-output>
          </reporter-output>
        </test-method> <!-- setUp -->
        <test-method status="PASS" signature="login()[pri:0, instance:com.integration.CITest@661972b0]" name="login" duration-ms="3270" started-at="2020-05-28T00:50:24 IST" finished-at="2020-05-28T00:50:28 IST">
          <reporter-output>
          </reporter-output>
        </test-method> <!-- login -->
        <test-method status="PASS" signature="tearDown()[pri:0, instance:com.integration.CITest@661972b0]" name="tearDown" is-config="true" duration-ms="785" started-at="2020-05-28T00:50:28 IST" finished-at="2020-05-28T00:50:29 IST">
          <reporter-output>
          </reporter-output>
        </test-method> <!-- tearDown -->
      </class> <!-- com.integration.CITest -->
    </test> <!-- Test -->
  </suite> <!-- Suite -->
</testng-results>
